<?xml version="1.0" encoding="UTF-8" standalone="no"?>
<testsuite failures="1" name="cucumber.runtime.formatter.JUnitFormatter" skipped="0" tests="1" time="0.471765">
<testcase classname="Library Management" name="Get Book Details by id" time="0.471765">
<failure message="cucumber.runtime.CucumberException: Arity mismatch: Step Definition 'StepDefinitions.StepDefwithExcel.create_Book_entry_with_Data_from_Excel(Object,Object,Object,Object,Object,Object,Object,Object) in file:/C:/Users/Suresh/eclipse-workspace/LibraryTest/target/test-classes/' with pattern [^Create Book entry with Data from Excel$] is declared with 8 parameters. However, the gherkin step has 0 arguments []. &#10;Step: Given Create Book entry with Data from Excel&#13;&#10;&#9;at cucumber.runtime.StepDefinitionMatch.arityMismatch(StepDefinitionMatch.java:102)&#13;&#10;&#9;at cucumber.runtime.StepDefinitionMatch.transformedArgs(StepDefinitionMatch.java:60)&#13;&#10;&#9;at cucumber.runtime.StepDefinitionMatch.runStep(StepDefinitionMatch.java:37)&#13;&#10;&#9;at cucumber.runtime.Runtime.runStep(Runtime.java:300)&#13;&#10;&#9;at cucumber.runtime.model.StepContainer.runStep(StepContainer.java:44)&#13;&#10;&#9;at cucumber.runtime.model.StepContainer.runSteps(StepContainer.java:39)&#13;&#10;&#9;at cucumber.runtime.model.CucumberScenario.run(CucumberScenario.java:44)&#13;&#10;&#9;at cucumber.runtime.junit.ExecutionUnitRunner.run(ExecutionUnitRunner.java:102)&#13;&#10;&#9;at cucumber.runtime.junit.FeatureRunner.runChild(FeatureRunner.java:63)&#13;&#10;&#9;at cucumber.runtime.junit.FeatureRunner.runChild(FeatureRunner.java:18)&#13;&#10;&#9;at org.junit.runners.ParentRunner$3.run(ParentRunner.java:238)&#13;&#10;&#9;at org.junit.runners.ParentRunner$1.schedule(ParentRunner.java:63)&#13;&#10;&#9;at org.junit.runners.ParentRunner.runChildren(ParentRunner.java:236)&#13;&#10;&#9;at org.junit.runners.ParentRunner.access$000(ParentRunner.java:53)&#13;&#10;&#9;at org.junit.runners.ParentRunner$2.evaluate(ParentRunner.java:229)&#13;&#10;&#9;at org.junit.runners.ParentRunner.run(ParentRunner.java:309)&#13;&#10;&#9;at cucumber.runtime.junit.FeatureRunner.run(FeatureRunner.java:70)&#13;&#10;&#9;at cucumber.api.junit.Cucumber.runChild(Cucumber.java:95)&#13;&#10;&#9;at cucumber.api.junit.Cucumber.runChild(Cucumber.java:38)&#13;&#10;&#9;at org.junit.runners.ParentRunner$3.run(ParentRunner.java:238)&#13;&#10;&#9;at org.junit.runners.ParentRunner$1.schedule(ParentRunner.java:63)&#13;&#10;&#9;at org.junit.runners.ParentRunner.runChildren(ParentRunner.java:236)&#13;&#10;&#9;at org.junit.runners.ParentRunner.access$000(ParentRunner.java:53)&#13;&#10;&#9;at org.junit.runners.ParentRunner$2.evaluate(ParentRunner.java:229)&#13;&#10;&#9;at org.junit.runners.ParentRunner.run(ParentRunner.java:309)&#13;&#10;&#9;at cucumber.api.junit.Cucumber.run(Cucumber.java:100)&#13;&#10;&#9;at org.eclipse.jdt.internal.junit4.runner.JUnit4TestReference.run(JUnit4TestReference.java:89)&#13;&#10;&#9;at org.eclipse.jdt.internal.junit.runner.TestExecution.run(TestExecution.java:41)&#13;&#10;&#9;at org.eclipse.jdt.internal.junit.runner.RemoteTestRunner.runTests(RemoteTestRunner.java:542)&#13;&#10;&#9;at org.eclipse.jdt.internal.junit.runner.RemoteTestRunner.runTests(RemoteTestRunner.java:770)&#13;&#10;&#9;at org.eclipse.jdt.internal.junit.runner.RemoteTestRunner.run(RemoteTestRunner.java:464)&#13;&#10;&#9;at org.eclipse.jdt.internal.junit.runner.RemoteTestRunner.main(RemoteTestRunner.java:210)&#13;&#10;"><![CDATA[Given Create Book entry with Data from Excel................................failed
Then Get the book details using Book id.....................................skipped

StackTrace:
cucumber.runtime.CucumberException: Arity mismatch: Step Definition 'StepDefinitions.StepDefwithExcel.create_Book_entry_with_Data_from_Excel(Object,Object,Object,Object,Object,Object,Object,Object) in file:/C:/Users/Suresh/eclipse-workspace/LibraryTest/target/test-classes/' with pattern [^Create Book entry with Data from Excel$] is declared with 8 parameters. However, the gherkin step has 0 arguments []. 
Step: Given Create Book entry with Data from Excel
	at cucumber.runtime.StepDefinitionMatch.arityMismatch(StepDefinitionMatch.java:102)
	at cucumber.runtime.StepDefinitionMatch.transformedArgs(StepDefinitionMatch.java:60)
	at cucumber.runtime.StepDefinitionMatch.runStep(StepDefinitionMatch.java:37)
	at cucumber.runtime.Runtime.runStep(Runtime.java:300)
	at cucumber.runtime.model.StepContainer.runStep(StepContainer.java:44)
	at cucumber.runtime.model.StepContainer.runSteps(StepContainer.java:39)
	at cucumber.runtime.model.CucumberScenario.run(CucumberScenario.java:44)
	at cucumber.runtime.junit.ExecutionUnitRunner.run(ExecutionUnitRunner.java:102)
	at cucumber.runtime.junit.FeatureRunner.runChild(FeatureRunner.java:63)
	at cucumber.runtime.junit.FeatureRunner.runChild(FeatureRunner.java:18)
	at org.junit.runners.ParentRunner$3.run(ParentRunner.java:238)
	at org.junit.runners.ParentRunner$1.schedule(ParentRunner.java:63)
	at org.junit.runners.ParentRunner.runChildren(ParentRunner.java:236)
	at org.junit.runners.ParentRunner.access$000(ParentRunner.java:53)
	at org.junit.runners.ParentRunner$2.evaluate(ParentRunner.java:229)
	at org.junit.runners.ParentRunner.run(ParentRunner.java:309)
	at cucumber.runtime.junit.FeatureRunner.run(FeatureRunner.java:70)
	at cucumber.api.junit.Cucumber.runChild(Cucumber.java:95)
	at cucumber.api.junit.Cucumber.runChild(Cucumber.java:38)
	at org.junit.runners.ParentRunner$3.run(ParentRunner.java:238)
	at org.junit.runners.ParentRunner$1.schedule(ParentRunner.java:63)
	at org.junit.runners.ParentRunner.runChildren(ParentRunner.java:236)
	at org.junit.runners.ParentRunner.access$000(ParentRunner.java:53)
	at org.junit.runners.ParentRunner$2.evaluate(ParentRunner.java:229)
	at org.junit.runners.ParentRunner.run(ParentRunner.java:309)
	at cucumber.api.junit.Cucumber.run(Cucumber.java:100)
	at org.eclipse.jdt.internal.junit4.runner.JUnit4TestReference.run(JUnit4TestReference.java:89)
	at org.eclipse.jdt.internal.junit.runner.TestExecution.run(TestExecution.java:41)
	at org.eclipse.jdt.internal.junit.runner.RemoteTestRunner.runTests(RemoteTestRunner.java:542)
	at org.eclipse.jdt.internal.junit.runner.RemoteTestRunner.runTests(RemoteTestRunner.java:770)
	at org.eclipse.jdt.internal.junit.runner.RemoteTestRunner.run(RemoteTestRunner.java:464)
	at org.eclipse.jdt.internal.junit.runner.RemoteTestRunner.main(RemoteTestRunner.java:210)
]]></failure>
</testcase>
</testsuite>
